2026-05-18 17:47:42.101: [INFO] VisibilityChanged: 0
2026-05-18 17:47:42.223: [INFO] RecordSyncInitDuration has_sync_been_enabled: 0 state: 0
2026-05-18 17:47:42.225: [INFO] RecordSyncInitDuration has_sync_been_enabled: 0 state: 0
2026-05-18 17:47:42.226: [INFO] RecordSyncInitDuration has_sync_been_enabled: 0 state: 0
2026-05-18 17:47:42.228: [INFO] RecordSyncInitDuration has_sync_been_enabled: 0 state: 0
2026-05-18 17:47:42.229: [INFO] RecordSyncInitDuration has_sync_been_enabled: 0 state: 0
2026-05-18 17:47:42.231: [INFO] RecordSyncInitDuration has_sync_been_enabled: 0 state: 0
2026-05-18 17:47:42.232: [INFO] RecordSyncInitDuration has_sync_been_enabled: 0 state: 0
2026-05-18 17:47:42.233: [INFO] RecordSyncInitDuration has_sync_been_enabled: 0 state: 0
2026-05-18 17:47:42.236: [INFO] RecordSyncInitDuration has_sync_been_enabled: 0 state: 0
2026-05-18 17:47:42.238: [INFO] RecordSyncInitDuration has_sync_been_enabled: 0 state: 0
2026-05-18 17:47:42.241: [INFO] RecordSyncInitDuration has_sync_been_enabled: 0 state: 0
2026-05-18 17:47:42.242: [INFO] RecordSyncInitDuration has_sync_been_enabled: 0 state: 0
2026-05-18 17:47:42.260: [INFO] BookmarkNodeAdded, ABU: 0
2026-05-18 17:47:42.261: [INFO] BookmarkNodeAdded, ABU: 0
2026-05-18 17:47:42.262: [INFO] BookmarkNodeAdded, ABU: 0
2026-05-18 17:47:42.262: [INFO] BookmarkModelLoaded, ids_reassigned: 0
2026-05-18 17:47:42.262: [INFO] OnDoneLoading sync enabled: 0
2026-05-18 17:47:42.371: [INFO] RecordSyncInitDuration has_sync_been_enabled: 0 state: 0
2026-05-18 17:47:44.445: [INFO] RecordSyncInitDuration has_sync_been_enabled: 0 state: 0
2026-05-18 17:47:44.449: [INFO] RecordSyncInitDuration has_sync_been_enabled: 0 state: 3
2026-05-18 17:47:44.452: [INFO] Primary account changed.
2026-05-18 17:47:44.452: [INFO] OnPrimaryAccountChanged PrimaryAccountChangeEvent::Type::kSet
2026-05-18 17:47:44.459: [INFO] RecordSyncInitDuration has_sync_been_enabled: 0 state: 3
2026-05-18 17:47:44.476: [INFO] RecordSyncInitDuration has_sync_been_enabled: 0 state: 3
2026-05-18 17:47:46.751: [INFO] BookmarkNodeAdded, ABU: 0
2026-05-18 17:47:50.912: [INFO] Sync initialization duration: 6225ms
