{"logTime": "0518/174745", "correlationVector":"1qPrXNDzV7a3NxywEvuhwP.1","action":"SyncServerConnectionManagerRequest", "result":"SYNC_SERVER_OK", "context":{"environment":"Prod_germanywestcentral_prod-s01-010-eur-germanywestcentral", "migrationStage":"NotStarted", "server":"akswtt00100004j"}}
{"logTime": "0518/174745", "correlationVector":"1qPrXNDzV7a3NxywEvuhwP.2","action":"ProcessGetUpdates", "result":"Done", "context":{"dataType":"Encryption Keys", "deleted":"0", "process_failed_to_decrypt":"0", "process_pending_decryption":"0", "process_success":"1", "total":"1"}}
{"logTime": "0518/174746", "correlationVector":"fc5MguFmdpOxwxTdmiM4T+","action":"SyncServerConnectionManagerRequest", "result":"SYNC_SERVER_OK", "context":{"environment":"", "migrationStage":"", "server":""}}
{"logTime": "0518/174746", "correlationVector":"fc5MguFmdpOxwxTdmiM4T+.0","action":"EncryptionKeysFetcher.DownloadKeys:", "result":"Success", "context":Key count: 6, Last key timestamp: 2026-01-06T18:34:19Z}
{"logTime": "0518/174746", "correlationVector":"fc5MguFmdpOxwxTdmiM4T+.1","action":"EncryptionKeysManager::SetEncryptionKeys:", "result":"Success", "context":Key names[6]:[G6OYMfpkf66Kc7otpXAEiUatGTmgQgyVEsYipJ9alP2Cdpj7VNZ+AZgz2at+RjRO5HwTFlMaWvz5LVXnBBdswA==][YULd8+N6uTNBfK/zvAzNsXSiTccpfn84tAasUzWSPWF1vM6KJ0uq3HrLjMgCpEI9U94Ym+eVY1LsVjgUMlDKhQ==][Bq/K2F8NmPTv16uuUcUaeN1Me9w/3qYeW4Kw+xKPCb89DO6kfpLw4V5EITrIsuQ7u11zAzzVLe1ptr7TwKMK+g==][RfCZVdjtBVd/r6v2GCnU5tzjuDmc1KetmAfRhEsquNwdgSvlWNJdRxCf7IxZ6Jpc9h00QmDpU3mFTp0BmeT47A==][8qEsYyhhUKKhAJr4J0AjoxjYoyDil1ZVVVQX7eG8BDjxeRHegFjpgxB5/89vtXrIik7NqQy6XLYqapEgauV/Fw==][UWOo6oL3k1mhgNW1GcRL1wwX55r6d0e4SiAWHLzfVBDpP8tkzFnJZeiS8QFerTOuZHxnWey9Pkx12naowFaFCQ==]}
{"logTime": "0518/174746", "correlationVector":"fc5MguFmdpOxwxTdmiM4T+.2","action":"EncryptionKeysManager::SetEncryptionKeysWithTimestamps:", "result":"Success", "context":Key timestamps[6]:[2022-08-11T14:22:56Z][2023-02-09T17:36:20Z][2023-08-09T18:46:15Z][2024-02-12T06:46:04Z][2025-03-29T19:45:44Z][2026-01-06T18:34:19Z]}
{"logTime": "0518/174746", "correlationVector":"1qPrXNDzV7a3NxywEvuhwP","action":"Initial GetUpdates", "result":"", "context":Reason: NEW_CLIENT. cV=1qPrXNDzV7a3NxywEvuhwP}
{"logTime": "0518/174746", "correlationVector":"1qPrXNDzV7a3NxywEvuhwP.3","action":"GetUpdates Response", "result":"Success", "context":Received 1 update(s). cV=1qPrXNDzV7a3NxywEvuhwP.0;server=akswtt00100004j;cloudType=Consumer;environment=Prod_germanywestcentral_prod-s01-010-eur-germanywestcentral;migrationStage=NotStarted}
{"logTime": "0518/174746", "correlationVector":"gEyS+04s6dy4GoVwYHMc4V","action":"Initial GetUpdates", "result":"", "context":Reason: NEWLY_SUPPORTED_DATATYPE. cV=gEyS+04s6dy4GoVwYHMc4V}
{"logTime": "0518/174746", "correlationVector":"gEyS+04s6dy4GoVwYHMc4V.1","action":"SyncServerConnectionManagerRequest", "result":"SYNC_SERVER_OK", "context":{"environment":"Prod_germanywestcentral_prod-s01-010-eur-germanywestcentral", "migrationStage":"NotStarted", "server":"akswtt001000041"}}
{"logTime": "0518/174746", "correlationVector":"gEyS+04s6dy4GoVwYHMc4V.2","action":"ProcessGetUpdates", "result":"Done", "context":{"dataType":"Preferences", "deleted":"0", "process_failed_to_decrypt":"0", "process_pending_decryption":"0", "process_success":"91", "total":"91"}}
{"logTime": "0518/174746", "correlationVector":"gEyS+04s6dy4GoVwYHMc4V.3","action":"ProcessGetUpdates", "result":"Done", "context":{"dataType":"Passwords", "deleted":"2", "process_failed_to_decrypt":"0", "process_pending_decryption":"0", "process_success":"31", "total":"31"}}
{"logTime": "0518/174746", "correlationVector":"gEyS+04s6dy4GoVwYHMc4V.4","action":"ProcessGetUpdates", "result":"Done", "context":{"dataType":"Device Info", "deleted":"0", "process_failed_to_decrypt":"0", "process_pending_decryption":"0", "process_success":"7", "total":"7"}}
{"logTime": "0518/174746", "correlationVector":"gEyS+04s6dy4GoVwYHMc4V.5","action":"GetUpdates Response", "result":"Success", "context":Received 129 update(s). cV=gEyS+04s6dy4GoVwYHMc4V.0;server=akswtt001000041;cloudType=Consumer;environment=Prod_germanywestcentral_prod-s01-010-eur-germanywestcentral;migrationStage=NotStarted}
{"logTime": "0518/174746", "correlationVector":"tHAztT0+5MBp5fSpSYu/Tm","action":"Initial GetUpdates", "result":"", "context":Reason: NEWLY_SUPPORTED_DATATYPE. cV=tHAztT0+5MBp5fSpSYu/Tm}
{"logTime": "0518/174746", "correlationVector":"tHAztT0+5MBp5fSpSYu/Tm.1","action":"SyncServerConnectionManagerRequest", "result":"SYNC_SERVER_OK", "context":{"environment":"Prod_germanywestcentral_prod-s01-011-eur-germanywestcentral", "migrationStage":"NotStarted", "server":"akswtt1000000a5"}}
{"logTime": "0518/174746", "correlationVector":"tHAztT0+5MBp5fSpSYu/Tm.2","action":"ProcessGetUpdates", "result":"Done", "context":{"dataType":"Bookmarks", "deleted":"1", "process_failed_to_decrypt":"0", "process_pending_decryption":"0", "process_success":"8", "total":"8"}}
{"logTime": "0518/174746", "correlationVector":"tHAztT0+5MBp5fSpSYu/Tm.3","action":"GetUpdates Response", "result":"Success", "context":Received 8 update(s). cV=tHAztT0+5MBp5fSpSYu/Tm.0;server=akswtt1000000a5;cloudType=Consumer;environment=Prod_germanywestcentral_prod-s01-011-eur-germanywestcentral;migrationStage=NotStarted}
{"logTime": "0518/174746", "correlationVector":"4eQQ32aSRf2LUxOcNfByyb","action":"Initial GetUpdates", "result":"", "context":Reason: NEWLY_SUPPORTED_DATATYPE. cV=4eQQ32aSRf2LUxOcNfByyb}
{"logTime": "0518/174747", "correlationVector":"4eQQ32aSRf2LUxOcNfByyb.1","action":"SyncServerConnectionManagerRequest", "result":"SYNC_SERVER_OK", "context":{"environment":"Prod_germanywestcentral_prod-s01-011-eur-germanywestcentral", "migrationStage":"NotStarted", "server":"akswtt10000009u"}}
{"logTime": "0518/174747", "correlationVector":"4eQQ32aSRf2LUxOcNfByyb.2","action":"ProcessGetUpdates", "result":"Done", "context":{"dataType":"Autofill", "deleted":"0", "process_failed_to_decrypt":"0", "process_pending_decryption":"0", "process_success":"232", "total":"232"}}
{"logTime": "0518/174747", "correlationVector":"4eQQ32aSRf2LUxOcNfByyb.3","action":"ProcessGetUpdates", "result":"Done", "context":{"dataType":"Sessions", "deleted":"13", "process_failed_to_decrypt":"0", "process_pending_decryption":"0", "process_success":"13", "total":"13"}}
{"logTime": "0518/174747", "correlationVector":"4eQQ32aSRf2LUxOcNfByyb.4","action":"ProcessGetUpdates", "result":"Done", "context":{"dataType":"Saved Tab Group", "deleted":"0", "process_failed_to_decrypt":"0", "process_pending_decryption":"0", "process_success":"5", "total":"5"}}
{"logTime": "0518/174747", "correlationVector":"4eQQ32aSRf2LUxOcNfByyb.5","action":"GetUpdates Response", "result":"Success", "context":Received 250 update(s). cV=4eQQ32aSRf2LUxOcNfByyb.0;server=akswtt10000009u;cloudType=Consumer;environment=Prod_germanywestcentral_prod-s01-011-eur-germanywestcentral;migrationStage=NotStarted Some updates remain.}
{"logTime": "0518/174747", "correlationVector":"vflRmI2hd9U7MUOXTw6I6W","action":"Initial GetUpdates", "result":"", "context":Reason: NEWLY_SUPPORTED_DATATYPE. cV=vflRmI2hd9U7MUOXTw6I6W}
{"logTime": "0518/174748", "correlationVector":"vflRmI2hd9U7MUOXTw6I6W.1","action":"SyncServerConnectionManagerRequest", "result":"SYNC_SERVER_OK", "context":{"environment":"Prod_germanywestcentral_prod-s01-011-eur-germanywestcentral", "migrationStage":"NotStarted", "server":"akswtt100000078"}}
{"logTime": "0518/174748", "correlationVector":"vflRmI2hd9U7MUOXTw6I6W.2","action":"ProcessGetUpdates", "result":"Done", "context":{"dataType":"Autofill", "deleted":"0", "process_failed_to_decrypt":"0", "process_pending_decryption":"0", "process_success":"32", "total":"32"}}
{"logTime": "0518/174748", "correlationVector":"vflRmI2hd9U7MUOXTw6I6W.3","action":"ProcessGetUpdates", "result":"Done", "context":{"dataType":"Sessions", "deleted":"201", "process_failed_to_decrypt":"0", "process_pending_decryption":"0", "process_success":"201", "total":"201"}}
{"logTime": "0518/174748", "correlationVector":"vflRmI2hd9U7MUOXTw6I6W.4","action":"ProcessGetUpdates", "result":"Done", "context":{"dataType":"Edge Hub App Usage", "deleted":"0", "process_failed_to_decrypt":"0", "process_pending_decryption":"0", "process_success":"17", "total":"17"}}
{"logTime": "0518/174748", "correlationVector":"vflRmI2hd9U7MUOXTw6I6W.5","action":"GetUpdates Response", "result":"Success", "context":Received 250 update(s). cV=vflRmI2hd9U7MUOXTw6I6W.0;server=akswtt100000078;cloudType=Consumer;environment=Prod_germanywestcentral_prod-s01-011-eur-germanywestcentral;migrationStage=NotStarted Some updates remain.}
{"logTime": "0518/174748", "correlationVector":"eNlM7Ps0qRMM4DUnHbGtZk","action":"Initial GetUpdates", "result":"", "context":Reason: NEWLY_SUPPORTED_DATATYPE. cV=eNlM7Ps0qRMM4DUnHbGtZk}
{"logTime": "0518/174749", "correlationVector":"eNlM7Ps0qRMM4DUnHbGtZk.1","action":"SyncServerConnectionManagerRequest", "result":"SYNC_SERVER_OK", "context":{"environment":"Prod_germanywestcentral_prod-s01-011-eur-germanywestcentral", "migrationStage":"NotStarted", "server":"akswtt10000008q"}}
{"logTime": "0518/174749", "correlationVector":"eNlM7Ps0qRMM4DUnHbGtZk.2","action":"ProcessGetUpdates", "result":"Done", "context":{"dataType":"Autofill Profiles", "deleted":"0", "process_failed_to_decrypt":"0", "process_pending_decryption":"0", "process_success":"1", "total":"1"}}
{"logTime": "0518/174749", "correlationVector":"eNlM7Ps0qRMM4DUnHbGtZk.3","action":"ProcessGetUpdates", "result":"Done", "context":{"dataType":"Autofill", "deleted":"0", "process_failed_to_decrypt":"0", "process_pending_decryption":"0", "process_success":"14", "total":"14"}}
{"logTime": "0518/174749", "correlationVector":"eNlM7Ps0qRMM4DUnHbGtZk.4","action":"ProcessGetUpdates", "result":"Done", "context":{"dataType":"Sessions", "deleted":"203", "process_failed_to_decrypt":"0", "process_pending_decryption":"0", "process_success":"203", "total":"203"}}
{"logTime": "0518/174749", "correlationVector":"eNlM7Ps0qRMM4DUnHbGtZk.5","action":"ProcessGetUpdates", "result":"Done", "context":{"dataType":"WebAuthn Credentials", "deleted":"0", "process_failed_to_decrypt":"0", "process_pending_decryption":"0", "process_success":"1", "total":"1"}}
{"logTime": "0518/174749", "correlationVector":"eNlM7Ps0qRMM4DUnHbGtZk.6","action":"ProcessGetUpdates", "result":"Done", "context":{"dataType":"Edge Hub App Usage", "deleted":"25", "process_failed_to_decrypt":"0", "process_pending_decryption":"0", "process_success":"31", "total":"31"}}
{"logTime": "0518/174749", "correlationVector":"eNlM7Ps0qRMM4DUnHbGtZk.7","action":"GetUpdates Response", "result":"Success", "context":Received 250 update(s). cV=eNlM7Ps0qRMM4DUnHbGtZk.0;server=akswtt10000008q;cloudType=Consumer;environment=Prod_germanywestcentral_prod-s01-011-eur-germanywestcentral;migrationStage=NotStarted Some updates remain.}
{"logTime": "0518/174749", "correlationVector":"m/3VpcPvRoygKl7myUDQO8","action":"Initial GetUpdates", "result":"", "context":Reason: NEWLY_SUPPORTED_DATATYPE. cV=m/3VpcPvRoygKl7myUDQO8}
{"logTime": "0518/174749", "correlationVector":"m/3VpcPvRoygKl7myUDQO8.1","action":"SyncServerConnectionManagerRequest", "result":"SYNC_SERVER_OK", "context":{"environment":"Prod_germanywestcentral_prod-s01-011-eur-germanywestcentral", "migrationStage":"NotStarted", "server":"akswtt10000009u"}}
{"logTime": "0518/174749", "correlationVector":"m/3VpcPvRoygKl7myUDQO8.2","action":"ProcessGetUpdates", "result":"Done", "context":{"dataType":"Autofill", "deleted":"0", "process_failed_to_decrypt":"0", "process_pending_decryption":"0", "process_success":"24", "total":"24"}}
{"logTime": "0518/174749", "correlationVector":"m/3VpcPvRoygKl7myUDQO8.3","action":"ProcessGetUpdates", "result":"Done", "context":{"dataType":"Sessions", "deleted":"209", "process_failed_to_decrypt":"0", "process_pending_decryption":"0", "process_success":"209", "total":"209"}}
{"logTime": "0518/174749", "correlationVector":"m/3VpcPvRoygKl7myUDQO8.4","action":"ProcessGetUpdates", "result":"Done", "context":{"dataType":"Edge Hub App Usage", "deleted":"10", "process_failed_to_decrypt":"0", "process_pending_decryption":"0", "process_success":"17", "total":"17"}}
{"logTime": "0518/174749", "correlationVector":"m/3VpcPvRoygKl7myUDQO8.5","action":"GetUpdates Response", "result":"Success", "context":Received 250 update(s). cV=m/3VpcPvRoygKl7myUDQO8.0;server=akswtt10000009u;cloudType=Consumer;environment=Prod_germanywestcentral_prod-s01-011-eur-germanywestcentral;migrationStage=NotStarted Some updates remain.}
{"logTime": "0518/174749", "correlationVector":"KLoXTyiYtmq1lQT8v3pWf+","action":"Initial GetUpdates", "result":"", "context":Reason: NEWLY_SUPPORTED_DATATYPE. cV=KLoXTyiYtmq1lQT8v3pWf+}
{"logTime": "0518/174750", "correlationVector":"KLoXTyiYtmq1lQT8v3pWf+.1","action":"SyncServerConnectionManagerRequest", "result":"SYNC_SERVER_OK", "context":{"environment":"Prod_germanywestcentral_prod-s01-011-eur-germanywestcentral", "migrationStage":"NotStarted", "server":"akswtt1000000a5"}}
{"logTime": "0518/174750", "correlationVector":"KLoXTyiYtmq1lQT8v3pWf+.2","action":"ProcessGetUpdates", "result":"Done", "context":{"dataType":"Autofill", "deleted":"0", "process_failed_to_decrypt":"0", "process_pending_decryption":"0", "process_success":"30", "total":"30"}}
{"logTime": "0518/174750", "correlationVector":"KLoXTyiYtmq1lQT8v3pWf+.3","action":"ProcessGetUpdates", "result":"Done", "context":{"dataType":"Sessions", "deleted":"201", "process_failed_to_decrypt":"0", "process_pending_decryption":"0", "process_success":"201", "total":"201"}}
{"logTime": "0518/174750", "correlationVector":"KLoXTyiYtmq1lQT8v3pWf+.4","action":"ProcessGetUpdates", "result":"Done", "context":{"dataType":"History Delete Directives", "deleted":"0", "process_failed_to_decrypt":"0", "process_pending_decryption":"0", "process_success":"1", "total":"1"}}
{"logTime": "0518/174750", "correlationVector":"KLoXTyiYtmq1lQT8v3pWf+.5","action":"ProcessGetUpdates", "result":"Done", "context":{"dataType":"Edge Hub App Usage", "deleted":"13", "process_failed_to_decrypt":"0", "process_pending_decryption":"0", "process_success":"18", "total":"18"}}
{"logTime": "0518/174750", "correlationVector":"KLoXTyiYtmq1lQT8v3pWf+.6","action":"GetUpdates Response", "result":"Success", "context":Received 250 update(s). cV=KLoXTyiYtmq1lQT8v3pWf+.0;server=akswtt1000000a5;cloudType=Consumer;environment=Prod_germanywestcentral_prod-s01-011-eur-germanywestcentral;migrationStage=NotStarted Some updates remain.}
{"logTime": "0518/174750", "correlationVector":"z+SdvL3UYtyN7UQ5oZR3oR","action":"Initial GetUpdates", "result":"", "context":Reason: NEWLY_SUPPORTED_DATATYPE. cV=z+SdvL3UYtyN7UQ5oZR3oR}
{"logTime": "0518/174750", "correlationVector":"z+SdvL3UYtyN7UQ5oZR3oR.1","action":"SyncServerConnectionManagerRequest", "result":"SYNC_SERVER_OK", "context":{"environment":"Prod_germanywestcentral_prod-s01-011-eur-germanywestcentral", "migrationStage":"NotStarted", "server":"akswtt10000009u"}}
{"logTime": "0518/174750", "correlationVector":"z+SdvL3UYtyN7UQ5oZR3oR.2","action":"ProcessGetUpdates", "result":"Done", "context":{"dataType":"Autofill Profiles", "deleted":"0", "process_failed_to_decrypt":"0", "process_pending_decryption":"0", "process_success":"3", "total":"3"}}
{"logTime": "0518/174750", "correlationVector":"z+SdvL3UYtyN7UQ5oZR3oR.3","action":"ProcessGetUpdates", "result":"Done", "context":{"dataType":"Autofill", "deleted":"0", "process_failed_to_decrypt":"0", "process_pending_decryption":"0", "process_success":"19", "total":"19"}}
{"logTime": "0518/174750", "correlationVector":"z+SdvL3UYtyN7UQ5oZR3oR.4","action":"ProcessGetUpdates", "result":"Done", "context":{"dataType":"Sessions", "deleted":"166", "process_failed_to_decrypt":"0", "process_pending_decryption":"0", "process_success":"203", "total":"203"}}
{"logTime": "0518/174750", "correlationVector":"z+SdvL3UYtyN7UQ5oZR3oR.5","action":"ProcessGetUpdates", "result":"Done", "context":{"dataType":"Edge Hub App Usage", "deleted":"9", "process_failed_to_decrypt":"0", "process_pending_decryption":"0", "process_success":"25", "total":"25"}}
{"logTime": "0518/174750", "correlationVector":"z+SdvL3UYtyN7UQ5oZR3oR.6","action":"GetUpdates Response", "result":"Success", "context":Received 250 update(s). cV=z+SdvL3UYtyN7UQ5oZR3oR.0;server=akswtt10000009u;cloudType=Consumer;environment=Prod_germanywestcentral_prod-s01-011-eur-germanywestcentral;migrationStage=NotStarted Some updates remain.}
{"logTime": "0518/174750", "correlationVector":"BM0jOpVFfyZqjaJEQAxT6x","action":"Initial GetUpdates", "result":"", "context":Reason: NEWLY_SUPPORTED_DATATYPE. cV=BM0jOpVFfyZqjaJEQAxT6x}
{"logTime": "0518/174750", "correlationVector":"BM0jOpVFfyZqjaJEQAxT6x.1","action":"SyncServerConnectionManagerRequest", "result":"SYNC_SERVER_OK", "context":{"environment":"Prod_germanywestcentral_prod-s01-011-eur-germanywestcentral", "migrationStage":"NotStarted", "server":"akswtt10000004c"}}
{"logTime": "0518/174750", "correlationVector":"BM0jOpVFfyZqjaJEQAxT6x.2","action":"ProcessGetUpdates", "result":"Done", "context":{"dataType":"Sessions", "deleted":"1", "process_failed_to_decrypt":"0", "process_pending_decryption":"0", "process_success":"17", "total":"17"}}
{"logTime": "0518/174750", "correlationVector":"BM0jOpVFfyZqjaJEQAxT6x.3","action":"GetUpdates Response", "result":"Success", "context":Received 17 update(s). cV=BM0jOpVFfyZqjaJEQAxT6x.0;server=akswtt10000004c;cloudType=Consumer;environment=Prod_germanywestcentral_prod-s01-011-eur-germanywestcentral;migrationStage=NotStarted}
{"logTime": "0518/174750", "correlationVector":"yX/Pq8aJ+7AHTqffxyN49J","action":"Initial GetUpdates", "result":"", "context":Reason: NEWLY_SUPPORTED_DATATYPE. cV=yX/Pq8aJ+7AHTqffxyN49J}
{"logTime": "0518/174751", "correlationVector":"yX/Pq8aJ+7AHTqffxyN49J.1","action":"SyncServerConnectionManagerRequest", "result":"SYNC_SERVER_OK", "context":{"environment":"Prod_germanywestcentral_prod-s01-011-eur-germanywestcentral", "migrationStage":"NotStarted", "server":"akswtt10000008r"}}
{"logTime": "0518/174751", "correlationVector":"yX/Pq8aJ+7AHTqffxyN49J.2","action":"ProcessGetUpdates", "result":"Done", "context":{"dataType":"History", "deleted":"0", "process_failed_to_decrypt":"0", "process_pending_decryption":"0", "process_success":"250", "total":"250"}}
{"logTime": "0518/174751", "correlationVector":"yX/Pq8aJ+7AHTqffxyN49J.3","action":"GetUpdates Response", "result":"Success", "context":Received 250 update(s). cV=yX/Pq8aJ+7AHTqffxyN49J.0;server=akswtt10000008r;cloudType=Consumer;environment=Prod_germanywestcentral_prod-s01-011-eur-germanywestcentral;migrationStage=NotStarted Some updates remain.}
{"logTime": "0518/174751", "correlationVector":"62Go6ksdewTfEUr6i8ajdQ","action":"Initial GetUpdates", "result":"", "context":Reason: NEWLY_SUPPORTED_DATATYPE. cV=62Go6ksdewTfEUr6i8ajdQ}
{"logTime": "0518/174751", "correlationVector":"62Go6ksdewTfEUr6i8ajdQ.1","action":"SyncServerConnectionManagerRequest", "result":"SYNC_SERVER_OK", "context":{"environment":"Prod_germanywestcentral_prod-s01-011-eur-germanywestcentral", "migrationStage":"NotStarted", "server":"akswtt100000078"}}
{"logTime": "0518/174751", "correlationVector":"62Go6ksdewTfEUr6i8ajdQ.2","action":"ProcessGetUpdates", "result":"Done", "context":{"dataType":"History", "deleted":"0", "process_failed_to_decrypt":"0", "process_pending_decryption":"0", "process_success":"250", "total":"250"}}
{"logTime": "0518/174751", "correlationVector":"62Go6ksdewTfEUr6i8ajdQ.3","action":"GetUpdates Response", "result":"Success", "context":Received 250 update(s). cV=62Go6ksdewTfEUr6i8ajdQ.0;server=akswtt100000078;cloudType=Consumer;environment=Prod_germanywestcentral_prod-s01-011-eur-germanywestcentral;migrationStage=NotStarted Some updates remain.}
{"logTime": "0518/174751", "correlationVector":"CoWWG11YBzxBUWRlTQMsa5","action":"Initial GetUpdates", "result":"", "context":Reason: NEWLY_SUPPORTED_DATATYPE. cV=CoWWG11YBzxBUWRlTQMsa5}
{"logTime": "0518/174752", "correlationVector":"CoWWG11YBzxBUWRlTQMsa5.1","action":"SyncServerConnectionManagerRequest", "result":"SYNC_SERVER_OK", "context":{"environment":"Prod_germanywestcentral_prod-s01-011-eur-germanywestcentral", "migrationStage":"NotStarted", "server":"akswtt100000078"}}
{"logTime": "0518/174752", "correlationVector":"CoWWG11YBzxBUWRlTQMsa5.2","action":"ProcessGetUpdates", "result":"Done", "context":{"dataType":"History", "deleted":"0", "process_failed_to_decrypt":"0", "process_pending_decryption":"0", "process_success":"250", "total":"250"}}
{"logTime": "0518/174752", "correlationVector":"CoWWG11YBzxBUWRlTQMsa5.3","action":"GetUpdates Response", "result":"Success", "context":Received 250 update(s). cV=CoWWG11YBzxBUWRlTQMsa5.0;server=akswtt100000078;cloudType=Consumer;environment=Prod_germanywestcentral_prod-s01-011-eur-germanywestcentral;migrationStage=NotStarted Some updates remain.}
{"logTime": "0518/174752", "correlationVector":"TupAWbH0bA5tTkPUn5k/sU","action":"Initial GetUpdates", "result":"", "context":Reason: NEWLY_SUPPORTED_DATATYPE. cV=TupAWbH0bA5tTkPUn5k/sU}
{"logTime": "0518/174753", "correlationVector":"TupAWbH0bA5tTkPUn5k/sU.1","action":"SyncServerConnectionManagerRequest", "result":"SYNC_SERVER_OK", "context":{"environment":"Prod_germanywestcentral_prod-s01-011-eur-germanywestcentral", "migrationStage":"NotStarted", "server":"akswtt10000008o"}}
{"logTime": "0518/174753", "correlationVector":"TupAWbH0bA5tTkPUn5k/sU.2","action":"ProcessGetUpdates", "result":"Done", "context":{"dataType":"History", "deleted":"0", "process_failed_to_decrypt":"0", "process_pending_decryption":"0", "process_success":"250", "total":"250"}}
{"logTime": "0518/174753", "correlationVector":"TupAWbH0bA5tTkPUn5k/sU.3","action":"GetUpdates Response", "result":"Success", "context":Received 250 update(s). cV=TupAWbH0bA5tTkPUn5k/sU.0;server=akswtt10000008o;cloudType=Consumer;environment=Prod_germanywestcentral_prod-s01-011-eur-germanywestcentral;migrationStage=NotStarted Some updates remain.}
{"logTime": "0518/174753", "correlationVector":"qKD4Suhim4mwgNwLpInm9E","action":"Initial GetUpdates", "result":"", "context":Reason: NEWLY_SUPPORTED_DATATYPE. cV=qKD4Suhim4mwgNwLpInm9E}
{"logTime": "0518/174753", "correlationVector":"qKD4Suhim4mwgNwLpInm9E.1","action":"SyncServerConnectionManagerRequest", "result":"SYNC_SERVER_OK", "context":{"environment":"Prod_germanywestcentral_prod-s01-011-eur-germanywestcentral", "migrationStage":"NotStarted", "server":"akswtt10000008o"}}
{"logTime": "0518/174753", "correlationVector":"qKD4Suhim4mwgNwLpInm9E.2","action":"ProcessGetUpdates", "result":"Done", "context":{"dataType":"History", "deleted":"0", "process_failed_to_decrypt":"0", "process_pending_decryption":"0", "process_success":"250", "total":"250"}}
{"logTime": "0518/174753", "correlationVector":"qKD4Suhim4mwgNwLpInm9E.3","action":"GetUpdates Response", "result":"Success", "context":Received 250 update(s). cV=qKD4Suhim4mwgNwLpInm9E.0;server=akswtt10000008o;cloudType=Consumer;environment=Prod_germanywestcentral_prod-s01-011-eur-germanywestcentral;migrationStage=NotStarted Some updates remain.}
{"logTime": "0518/174753", "correlationVector":"RrYCTeXDFuY8Bi1POUKuYM","action":"Initial GetUpdates", "result":"", "context":Reason: NEWLY_SUPPORTED_DATATYPE. cV=RrYCTeXDFuY8Bi1POUKuYM}
{"logTime": "0518/174754", "correlationVector":"RrYCTeXDFuY8Bi1POUKuYM.1","action":"SyncServerConnectionManagerRequest", "result":"SYNC_SERVER_OK", "context":{"environment":"Prod_germanywestcentral_prod-s01-011-eur-germanywestcentral", "migrationStage":"NotStarted", "server":"akswtt1000000a5"}}
{"logTime": "0518/174754", "correlationVector":"RrYCTeXDFuY8Bi1POUKuYM.2","action":"ProcessGetUpdates", "result":"Done", "context":{"dataType":"History", "deleted":"0", "process_failed_to_decrypt":"0", "process_pending_decryption":"0", "process_success":"250", "total":"250"}}
{"logTime": "0518/174754", "correlationVector":"RrYCTeXDFuY8Bi1POUKuYM.3","action":"GetUpdates Response", "result":"Success", "context":Received 250 update(s). cV=RrYCTeXDFuY8Bi1POUKuYM.0;server=akswtt1000000a5;cloudType=Consumer;environment=Prod_germanywestcentral_prod-s01-011-eur-germanywestcentral;migrationStage=NotStarted Some updates remain.}
{"logTime": "0518/174754", "correlationVector":"ZBqtdAOft8VsPJvobn8pYR","action":"Initial GetUpdates", "result":"", "context":Reason: NEWLY_SUPPORTED_DATATYPE. cV=ZBqtdAOft8VsPJvobn8pYR}
{"logTime": "0518/174754", "correlationVector":"ZBqtdAOft8VsPJvobn8pYR.1","action":"SyncServerConnectionManagerRequest", "result":"SYNC_SERVER_OK", "context":{"environment":"Prod_germanywestcentral_prod-s01-011-eur-germanywestcentral", "migrationStage":"NotStarted", "server":"akswtt10000000p"}}
{"logTime": "0518/174754", "correlationVector":"ZBqtdAOft8VsPJvobn8pYR.2","action":"ProcessGetUpdates", "result":"Done", "context":{"dataType":"History", "deleted":"0", "process_failed_to_decrypt":"0", "process_pending_decryption":"0", "process_success":"250", "total":"250"}}
{"logTime": "0518/174754", "correlationVector":"ZBqtdAOft8VsPJvobn8pYR.3","action":"GetUpdates Response", "result":"Success", "context":Received 250 update(s). cV=ZBqtdAOft8VsPJvobn8pYR.0;server=akswtt10000000p;cloudType=Consumer;environment=Prod_germanywestcentral_prod-s01-011-eur-germanywestcentral;migrationStage=NotStarted Some updates remain.}
{"logTime": "0518/174754", "correlationVector":"UJBqh9qdyZZiBeo6zwf/Z+","action":"Initial GetUpdates", "result":"", "context":Reason: NEWLY_SUPPORTED_DATATYPE. cV=UJBqh9qdyZZiBeo6zwf/Z+}
{"logTime": "0518/174754", "correlationVector":"UJBqh9qdyZZiBeo6zwf/Z+.1","action":"SyncServerConnectionManagerRequest", "result":"SYNC_SERVER_OK", "context":{"environment":"Prod_germanywestcentral_prod-s01-011-eur-germanywestcentral", "migrationStage":"NotStarted", "server":"akswtt10000004t"}}
{"logTime": "0518/174754", "correlationVector":"UJBqh9qdyZZiBeo6zwf/Z+.2","action":"ProcessGetUpdates", "result":"Done", "context":{"dataType":"History", "deleted":"0", "process_failed_to_decrypt":"0", "process_pending_decryption":"0", "process_success":"250", "total":"250"}}
{"logTime": "0518/174754", "correlationVector":"UJBqh9qdyZZiBeo6zwf/Z+.3","action":"GetUpdates Response", "result":"Success", "context":Received 250 update(s). cV=UJBqh9qdyZZiBeo6zwf/Z+.0;server=akswtt10000004t;cloudType=Consumer;environment=Prod_germanywestcentral_prod-s01-011-eur-germanywestcentral;migrationStage=NotStarted Some updates remain.}
{"logTime": "0518/174754", "correlationVector":"VY2LgFZKdHKVUy4uFSBIC3","action":"Initial GetUpdates", "result":"", "context":Reason: NEWLY_SUPPORTED_DATATYPE. cV=VY2LgFZKdHKVUy4uFSBIC3}
{"logTime": "0518/174755", "correlationVector":"VY2LgFZKdHKVUy4uFSBIC3.1","action":"SyncServerConnectionManagerRequest", "result":"SYNC_SERVER_OK", "context":{"environment":"Prod_germanywestcentral_prod-s01-011-eur-germanywestcentral", "migrationStage":"NotStarted", "server":"akswtt10000009u"}}
{"logTime": "0518/174755", "correlationVector":"VY2LgFZKdHKVUy4uFSBIC3.2","action":"ProcessGetUpdates", "result":"Done", "context":{"dataType":"History", "deleted":"0", "process_failed_to_decrypt":"0", "process_pending_decryption":"0", "process_success":"250", "total":"250"}}
{"logTime": "0518/174755", "correlationVector":"VY2LgFZKdHKVUy4uFSBIC3.3","action":"GetUpdates Response", "result":"Success", "context":Received 250 update(s). cV=VY2LgFZKdHKVUy4uFSBIC3.0;server=akswtt10000009u;cloudType=Consumer;environment=Prod_germanywestcentral_prod-s01-011-eur-germanywestcentral;migrationStage=NotStarted Some updates remain.}
{"logTime": "0518/174755", "correlationVector":"81JSXrbD+s656Ex7hv+Aw4","action":"Initial GetUpdates", "result":"", "context":Reason: NEWLY_SUPPORTED_DATATYPE. cV=81JSXrbD+s656Ex7hv+Aw4}
{"logTime": "0518/174755", "correlationVector":"81JSXrbD+s656Ex7hv+Aw4.1","action":"SyncServerConnectionManagerRequest", "result":"SYNC_SERVER_OK", "context":{"environment":"Prod_germanywestcentral_prod-s01-011-eur-germanywestcentral", "migrationStage":"NotStarted", "server":"akswtt10000006z"}}
{"logTime": "0518/174755", "correlationVector":"81JSXrbD+s656Ex7hv+Aw4.2","action":"ProcessGetUpdates", "result":"Done", "context":{"dataType":"History", "deleted":"0", "process_failed_to_decrypt":"0", "process_pending_decryption":"0", "process_success":"250", "total":"250"}}
{"logTime": "0518/174755", "correlationVector":"81JSXrbD+s656Ex7hv+Aw4.3","action":"GetUpdates Response", "result":"Success", "context":Received 250 update(s). cV=81JSXrbD+s656Ex7hv+Aw4.0;server=akswtt10000006z;cloudType=Consumer;environment=Prod_germanywestcentral_prod-s01-011-eur-germanywestcentral;migrationStage=NotStarted Some updates remain.}
{"logTime": "0518/174755", "correlationVector":"Ce+BVU2lS8A//NJnDNB6cm","action":"Initial GetUpdates", "result":"", "context":Reason: NEWLY_SUPPORTED_DATATYPE. cV=Ce+BVU2lS8A//NJnDNB6cm}
{"logTime": "0518/174756", "correlationVector":"Ce+BVU2lS8A//NJnDNB6cm.1","action":"SyncServerConnectionManagerRequest", "result":"SYNC_SERVER_OK", "context":{"environment":"Prod_germanywestcentral_prod-s01-011-eur-germanywestcentral", "migrationStage":"NotStarted", "server":"akswtt10000008q"}}
{"logTime": "0518/174756", "correlationVector":"Ce+BVU2lS8A//NJnDNB6cm.2","action":"ProcessGetUpdates", "result":"Done", "context":{"dataType":"History", "deleted":"0", "process_failed_to_decrypt":"0", "process_pending_decryption":"0", "process_success":"250", "total":"250"}}
{"logTime": "0518/174756", "correlationVector":"Ce+BVU2lS8A//NJnDNB6cm.3","action":"GetUpdates Response", "result":"Success", "context":Received 250 update(s). cV=Ce+BVU2lS8A//NJnDNB6cm.0;server=akswtt10000008q;cloudType=Consumer;environment=Prod_germanywestcentral_prod-s01-011-eur-germanywestcentral;migrationStage=NotStarted Some updates remain.}
{"logTime": "0518/174756", "correlationVector":"GVemqa7iE07499KSsuMEdH","action":"Initial GetUpdates", "result":"", "context":Reason: NEWLY_SUPPORTED_DATATYPE. cV=GVemqa7iE07499KSsuMEdH}
{"logTime": "0518/174756", "correlationVector":"GVemqa7iE07499KSsuMEdH.1","action":"SyncServerConnectionManagerRequest", "result":"SYNC_SERVER_OK", "context":{"environment":"Prod_germanywestcentral_prod-s01-011-eur-germanywestcentral", "migrationStage":"NotStarted", "server":"akswtt10000009u"}}
{"logTime": "0518/174756", "correlationVector":"GVemqa7iE07499KSsuMEdH.2","action":"ProcessGetUpdates", "result":"Done", "context":{"dataType":"History", "deleted":"0", "process_failed_to_decrypt":"0", "process_pending_decryption":"0", "process_success":"250", "total":"250"}}
{"logTime": "0518/174756", "correlationVector":"GVemqa7iE07499KSsuMEdH.3","action":"GetUpdates Response", "result":"Success", "context":Received 250 update(s). cV=GVemqa7iE07499KSsuMEdH.0;server=akswtt10000009u;cloudType=Consumer;environment=Prod_germanywestcentral_prod-s01-011-eur-germanywestcentral;migrationStage=NotStarted Some updates remain.}
{"logTime": "0518/174756", "correlationVector":"5aWcmFgAnaVLg2v5qLKVU7","action":"Initial GetUpdates", "result":"", "context":Reason: NEWLY_SUPPORTED_DATATYPE. cV=5aWcmFgAnaVLg2v5qLKVU7}
{"logTime": "0518/174756", "correlationVector":"5aWcmFgAnaVLg2v5qLKVU7.1","action":"SyncServerConnectionManagerRequest", "result":"SYNC_SERVER_OK", "context":{"environment":"Prod_germanywestcentral_prod-s01-011-eur-germanywestcentral", "migrationStage":"NotStarted", "server":"akswtt100000078"}}
{"logTime": "0518/174756", "correlationVector":"5aWcmFgAnaVLg2v5qLKVU7.2","action":"ProcessGetUpdates", "result":"Done", "context":{"dataType":"History", "deleted":"0", "process_failed_to_decrypt":"0", "process_pending_decryption":"0", "process_success":"250", "total":"250"}}
{"logTime": "0518/174756", "correlationVector":"5aWcmFgAnaVLg2v5qLKVU7.3","action":"GetUpdates Response", "result":"Success", "context":Received 250 update(s). cV=5aWcmFgAnaVLg2v5qLKVU7.0;server=akswtt100000078;cloudType=Consumer;environment=Prod_germanywestcentral_prod-s01-011-eur-germanywestcentral;migrationStage=NotStarted Some updates remain.}
{"logTime": "0518/174756", "correlationVector":"dcSIX1C6moi9DFHApVAaPA","action":"Initial GetUpdates", "result":"", "context":Reason: NEWLY_SUPPORTED_DATATYPE. cV=dcSIX1C6moi9DFHApVAaPA}
{"logTime": "0518/174757", "correlationVector":"dcSIX1C6moi9DFHApVAaPA.1","action":"SyncServerConnectionManagerRequest", "result":"SYNC_SERVER_OK", "context":{"environment":"Prod_germanywestcentral_prod-s01-011-eur-germanywestcentral", "migrationStage":"NotStarted", "server":"akswtt10000000y"}}
{"logTime": "0518/174757", "correlationVector":"dcSIX1C6moi9DFHApVAaPA.2","action":"ProcessGetUpdates", "result":"Done", "context":{"dataType":"History", "deleted":"0", "process_failed_to_decrypt":"0", "process_pending_decryption":"0", "process_success":"250", "total":"250"}}
{"logTime": "0518/174757", "correlationVector":"dcSIX1C6moi9DFHApVAaPA.3","action":"GetUpdates Response", "result":"Success", "context":Received 250 update(s). cV=dcSIX1C6moi9DFHApVAaPA.0;server=akswtt10000000y;cloudType=Consumer;environment=Prod_germanywestcentral_prod-s01-011-eur-germanywestcentral;migrationStage=NotStarted Some updates remain.}
{"logTime": "0518/174757", "correlationVector":"Y2a+y9TQcIK8ZR3ZR4c3Ni","action":"Initial GetUpdates", "result":"", "context":Reason: NEWLY_SUPPORTED_DATATYPE. cV=Y2a+y9TQcIK8ZR3ZR4c3Ni}
{"logTime": "0518/174757", "correlationVector":"Y2a+y9TQcIK8ZR3ZR4c3Ni.1","action":"SyncServerConnectionManagerRequest", "result":"SYNC_SERVER_OK", "context":{"environment":"Prod_germanywestcentral_prod-s01-011-eur-germanywestcentral", "migrationStage":"NotStarted", "server":"akswtt10000004c"}}
{"logTime": "0518/174757", "correlationVector":"Y2a+y9TQcIK8ZR3ZR4c3Ni.2","action":"ProcessGetUpdates", "result":"Done", "context":{"dataType":"History", "deleted":"0", "process_failed_to_decrypt":"0", "process_pending_decryption":"0", "process_success":"250", "total":"250"}}
{"logTime": "0518/174757", "correlationVector":"Y2a+y9TQcIK8ZR3ZR4c3Ni.3","action":"GetUpdates Response", "result":"Success", "context":Received 250 update(s). cV=Y2a+y9TQcIK8ZR3ZR4c3Ni.0;server=akswtt10000004c;cloudType=Consumer;environment=Prod_germanywestcentral_prod-s01-011-eur-germanywestcentral;migrationStage=NotStarted Some updates remain.}
{"logTime": "0518/174757", "correlationVector":"I+koy3bMtMGqylNGeDtMJc","action":"Initial GetUpdates", "result":"", "context":Reason: NEWLY_SUPPORTED_DATATYPE. cV=I+koy3bMtMGqylNGeDtMJc}
{"logTime": "0518/174758", "correlationVector":"I+koy3bMtMGqylNGeDtMJc.1","action":"SyncServerConnectionManagerRequest", "result":"SYNC_SERVER_OK", "context":{"environment":"Prod_germanywestcentral_prod-s01-011-eur-germanywestcentral", "migrationStage":"NotStarted", "server":"akswtt100000078"}}
{"logTime": "0518/174758", "correlationVector":"I+koy3bMtMGqylNGeDtMJc.2","action":"ProcessGetUpdates", "result":"Done", "context":{"dataType":"History", "deleted":"0", "process_failed_to_decrypt":"0", "process_pending_decryption":"0", "process_success":"250", "total":"250"}}
{"logTime": "0518/174758", "correlationVector":"I+koy3bMtMGqylNGeDtMJc.3","action":"GetUpdates Response", "result":"Success", "context":Received 250 update(s). cV=I+koy3bMtMGqylNGeDtMJc.0;server=akswtt100000078;cloudType=Consumer;environment=Prod_germanywestcentral_prod-s01-011-eur-germanywestcentral;migrationStage=NotStarted Some updates remain.}
{"logTime": "0518/174758", "correlationVector":"NP1Xe4e5Ra1d/8q1UIqd99","action":"Initial GetUpdates", "result":"", "context":Reason: NEWLY_SUPPORTED_DATATYPE. cV=NP1Xe4e5Ra1d/8q1UIqd99}
{"logTime": "0518/174758", "correlationVector":"NP1Xe4e5Ra1d/8q1UIqd99.1","action":"SyncServerConnectionManagerRequest", "result":"SYNC_SERVER_OK", "context":{"environment":"Prod_germanywestcentral_prod-s01-011-eur-germanywestcentral", "migrationStage":"NotStarted", "server":"akswtt10000003p"}}
{"logTime": "0518/174758", "correlationVector":"NP1Xe4e5Ra1d/8q1UIqd99.2","action":"ProcessGetUpdates", "result":"Done", "context":{"dataType":"History", "deleted":"0", "process_failed_to_decrypt":"0", "process_pending_decryption":"0", "process_success":"250", "total":"250"}}
{"logTime": "0518/174758", "correlationVector":"NP1Xe4e5Ra1d/8q1UIqd99.3","action":"GetUpdates Response", "result":"Success", "context":Received 250 update(s). cV=NP1Xe4e5Ra1d/8q1UIqd99.0;server=akswtt10000003p;cloudType=Consumer;environment=Prod_germanywestcentral_prod-s01-011-eur-germanywestcentral;migrationStage=NotStarted Some updates remain.}
{"logTime": "0518/174758", "correlationVector":"g73vPqp1IbZdGtVJfaHirL","action":"Initial GetUpdates", "result":"", "context":Reason: NEWLY_SUPPORTED_DATATYPE. cV=g73vPqp1IbZdGtVJfaHirL}
{"logTime": "0518/174759", "correlationVector":"g73vPqp1IbZdGtVJfaHirL.1","action":"SyncServerConnectionManagerRequest", "result":"SYNC_SERVER_OK", "context":{"environment":"Prod_germanywestcentral_prod-s01-011-eur-germanywestcentral", "migrationStage":"NotStarted", "server":"akswtt10000001t"}}
{"logTime": "0518/174759", "correlationVector":"g73vPqp1IbZdGtVJfaHirL.2","action":"ProcessGetUpdates", "result":"Done", "context":{"dataType":"History", "deleted":"0", "process_failed_to_decrypt":"0", "process_pending_decryption":"0", "process_success":"250", "total":"250"}}
{"logTime": "0518/174759", "correlationVector":"g73vPqp1IbZdGtVJfaHirL.3","action":"GetUpdates Response", "result":"Success", "context":Received 250 update(s). cV=g73vPqp1IbZdGtVJfaHirL.0;server=akswtt10000001t;cloudType=Consumer;environment=Prod_germanywestcentral_prod-s01-011-eur-germanywestcentral;migrationStage=NotStarted Some updates remain.}
{"logTime": "0518/174759", "correlationVector":"yTbTleF32vFhJKEWAQfji6","action":"Initial GetUpdates", "result":"", "context":Reason: NEWLY_SUPPORTED_DATATYPE. cV=yTbTleF32vFhJKEWAQfji6}
{"logTime": "0518/174759", "correlationVector":"yTbTleF32vFhJKEWAQfji6.1","action":"SyncServerConnectionManagerRequest", "result":"SYNC_SERVER_OK", "context":{"environment":"Prod_germanywestcentral_prod-s01-011-eur-germanywestcentral", "migrationStage":"NotStarted", "server":"akswtt10000008o"}}
{"logTime": "0518/174759", "correlationVector":"yTbTleF32vFhJKEWAQfji6.2","action":"ProcessGetUpdates", "result":"Done", "context":{"dataType":"History", "deleted":"0", "process_failed_to_decrypt":"0", "process_pending_decryption":"0", "process_success":"250", "total":"250"}}
{"logTime": "0518/174759", "correlationVector":"yTbTleF32vFhJKEWAQfji6.3","action":"GetUpdates Response", "result":"Success", "context":Received 250 update(s). cV=yTbTleF32vFhJKEWAQfji6.0;server=akswtt10000008o;cloudType=Consumer;environment=Prod_germanywestcentral_prod-s01-011-eur-germanywestcentral;migrationStage=NotStarted Some updates remain.}
{"logTime": "0518/174759", "correlationVector":"EMwI+4y6okXyg/sLuumdGS","action":"Initial GetUpdates", "result":"", "context":Reason: NEWLY_SUPPORTED_DATATYPE. cV=EMwI+4y6okXyg/sLuumdGS}
{"logTime": "0518/174759", "correlationVector":"EMwI+4y6okXyg/sLuumdGS.1","action":"SyncServerConnectionManagerRequest", "result":"SYNC_SERVER_OK", "context":{"environment":"Prod_germanywestcentral_prod-s01-011-eur-germanywestcentral", "migrationStage":"NotStarted", "server":"akswtt10000000p"}}
{"logTime": "0518/174759", "correlationVector":"EMwI+4y6okXyg/sLuumdGS.2","action":"ProcessGetUpdates", "result":"Done", "context":{"dataType":"History", "deleted":"0", "process_failed_to_decrypt":"0", "process_pending_decryption":"0", "process_success":"250", "total":"250"}}
{"logTime": "0518/174759", "correlationVector":"EMwI+4y6okXyg/sLuumdGS.3","action":"GetUpdates Response", "result":"Success", "context":Received 250 update(s). cV=EMwI+4y6okXyg/sLuumdGS.0;server=akswtt10000000p;cloudType=Consumer;environment=Prod_germanywestcentral_prod-s01-011-eur-germanywestcentral;migrationStage=NotStarted Some updates remain.}
{"logTime": "0518/174759", "correlationVector":"xpuI1wgv5tFjAfOotIsNWz","action":"Initial GetUpdates", "result":"", "context":Reason: NEWLY_SUPPORTED_DATATYPE. cV=xpuI1wgv5tFjAfOotIsNWz}
{"logTime": "0518/174800", "correlationVector":"xpuI1wgv5tFjAfOotIsNWz.1","action":"SyncServerConnectionManagerRequest", "result":"SYNC_SERVER_OK", "context":{"environment":"Prod_germanywestcentral_prod-s01-011-eur-germanywestcentral", "migrationStage":"NotStarted", "server":"akswtt10000008q"}}
{"logTime": "0518/174800", "correlationVector":"xpuI1wgv5tFjAfOotIsNWz.2","action":"ProcessGetUpdates", "result":"Done", "context":{"dataType":"History", "deleted":"0", "process_failed_to_decrypt":"0", "process_pending_decryption":"0", "process_success":"250", "total":"250"}}
{"logTime": "0518/174800", "correlationVector":"xpuI1wgv5tFjAfOotIsNWz.3","action":"GetUpdates Response", "result":"Success", "context":Received 250 update(s). cV=xpuI1wgv5tFjAfOotIsNWz.0;server=akswtt10000008q;cloudType=Consumer;environment=Prod_germanywestcentral_prod-s01-011-eur-germanywestcentral;migrationStage=NotStarted Some updates remain.}
{"logTime": "0518/174800", "correlationVector":"5sN9KNym1hRk+Rfep1Vrz3","action":"Initial GetUpdates", "result":"", "context":Reason: NEWLY_SUPPORTED_DATATYPE. cV=5sN9KNym1hRk+Rfep1Vrz3}
{"logTime": "0518/174800", "correlationVector":"5sN9KNym1hRk+Rfep1Vrz3.1","action":"SyncServerConnectionManagerRequest", "result":"SYNC_SERVER_OK", "context":{"environment":"Prod_germanywestcentral_prod-s01-011-eur-germanywestcentral", "migrationStage":"NotStarted", "server":"akswtt10000009u"}}
{"logTime": "0518/174800", "correlationVector":"5sN9KNym1hRk+Rfep1Vrz3.2","action":"ProcessGetUpdates", "result":"Done", "context":{"dataType":"History", "deleted":"0", "process_failed_to_decrypt":"0", "process_pending_decryption":"0", "process_success":"250", "total":"250"}}
{"logTime": "0518/174800", "correlationVector":"5sN9KNym1hRk+Rfep1Vrz3.3","action":"GetUpdates Response", "result":"Success", "context":Received 250 update(s). cV=5sN9KNym1hRk+Rfep1Vrz3.0;server=akswtt10000009u;cloudType=Consumer;environment=Prod_germanywestcentral_prod-s01-011-eur-germanywestcentral;migrationStage=NotStarted Some updates remain.}
{"logTime": "0518/174800", "correlationVector":"K4gt5TdFleLt0NsKz676hj","action":"Initial GetUpdates", "result":"", "context":Reason: NEWLY_SUPPORTED_DATATYPE. cV=K4gt5TdFleLt0NsKz676hj}
{"logTime": "0518/174800", "correlationVector":"K4gt5TdFleLt0NsKz676hj.1","action":"SyncServerConnectionManagerRequest", "result":"SYNC_SERVER_OK", "context":{"environment":"Prod_germanywestcentral_prod-s01-011-eur-germanywestcentral", "migrationStage":"NotStarted", "server":"akswtt100000056"}}
{"logTime": "0518/174800", "correlationVector":"K4gt5TdFleLt0NsKz676hj.2","action":"ProcessGetUpdates", "result":"Done", "context":{"dataType":"History", "deleted":"0", "process_failed_to_decrypt":"0", "process_pending_decryption":"0", "process_success":"250", "total":"250"}}
{"logTime": "0518/174800", "correlationVector":"K4gt5TdFleLt0NsKz676hj.3","action":"GetUpdates Response", "result":"Success", "context":Received 250 update(s). cV=K4gt5TdFleLt0NsKz676hj.0;server=akswtt100000056;cloudType=Consumer;environment=Prod_germanywestcentral_prod-s01-011-eur-germanywestcentral;migrationStage=NotStarted Some updates remain.}
{"logTime": "0518/174800", "correlationVector":"+sNp7QPdgU/UOMP7C0mcM/","action":"Initial GetUpdates", "result":"", "context":Reason: NEWLY_SUPPORTED_DATATYPE. cV=+sNp7QPdgU/UOMP7C0mcM/}
{"logTime": "0518/174800", "correlationVector":"+sNp7QPdgU/UOMP7C0mcM/.1","action":"SyncServerConnectionManagerRequest", "result":"SYNC_SERVER_OK", "context":{"environment":"Prod_germanywestcentral_prod-s01-011-eur-germanywestcentral", "migrationStage":"NotStarted", "server":"akswtt10000008o"}}
{"logTime": "0518/174800", "correlationVector":"+sNp7QPdgU/UOMP7C0mcM/.2","action":"ProcessGetUpdates", "result":"Done", "context":{"dataType":"History", "deleted":"0", "process_failed_to_decrypt":"0", "process_pending_decryption":"0", "process_success":"250", "total":"250"}}
{"logTime": "0518/174800", "correlationVector":"+sNp7QPdgU/UOMP7C0mcM/.3","action":"GetUpdates Response", "result":"Success", "context":Received 250 update(s). cV=+sNp7QPdgU/UOMP7C0mcM/.0;server=akswtt10000008o;cloudType=Consumer;environment=Prod_germanywestcentral_prod-s01-011-eur-germanywestcentral;migrationStage=NotStarted Some updates remain.}
{"logTime": "0518/174800", "correlationVector":"0i+FIXKYRO2SoGqZxS+VbK","action":"Initial GetUpdates", "result":"", "context":Reason: NEWLY_SUPPORTED_DATATYPE. cV=0i+FIXKYRO2SoGqZxS+VbK}
{"logTime": "0518/174801", "correlationVector":"0i+FIXKYRO2SoGqZxS+VbK.1","action":"SyncServerConnectionManagerRequest", "result":"SYNC_SERVER_OK", "context":{"environment":"Prod_germanywestcentral_prod-s01-011-eur-germanywestcentral", "migrationStage":"NotStarted", "server":"akswtt10000003p"}}
{"logTime": "0518/174801", "correlationVector":"0i+FIXKYRO2SoGqZxS+VbK.2","action":"ProcessGetUpdates", "result":"Done", "context":{"dataType":"History", "deleted":"0", "process_failed_to_decrypt":"0", "process_pending_decryption":"0", "process_success":"250", "total":"250"}}
{"logTime": "0518/174801", "correlationVector":"0i+FIXKYRO2SoGqZxS+VbK.3","action":"GetUpdates Response", "result":"Success", "context":Received 250 update(s). cV=0i+FIXKYRO2SoGqZxS+VbK.0;server=akswtt10000003p;cloudType=Consumer;environment=Prod_germanywestcentral_prod-s01-011-eur-germanywestcentral;migrationStage=NotStarted Some updates remain.}
{"logTime": "0518/174801", "correlationVector":"U+pHxZ9tqD1nvFWQXDT/qG","action":"Initial GetUpdates", "result":"", "context":Reason: NEWLY_SUPPORTED_DATATYPE. cV=U+pHxZ9tqD1nvFWQXDT/qG}
{"logTime": "0518/174801", "correlationVector":"U+pHxZ9tqD1nvFWQXDT/qG.1","action":"SyncServerConnectionManagerRequest", "result":"SYNC_SERVER_OK", "context":{"environment":"Prod_germanywestcentral_prod-s01-011-eur-germanywestcentral", "migrationStage":"NotStarted", "server":"akswtt10000001t"}}
{"logTime": "0518/174801", "correlationVector":"U+pHxZ9tqD1nvFWQXDT/qG.2","action":"ProcessGetUpdates", "result":"Done", "context":{"dataType":"History", "deleted":"0", "process_failed_to_decrypt":"0", "process_pending_decryption":"0", "process_success":"250", "total":"250"}}
{"logTime": "0518/174801", "correlationVector":"U+pHxZ9tqD1nvFWQXDT/qG.3","action":"GetUpdates Response", "result":"Success", "context":Received 250 update(s). cV=U+pHxZ9tqD1nvFWQXDT/qG.0;server=akswtt10000001t;cloudType=Consumer;environment=Prod_germanywestcentral_prod-s01-011-eur-germanywestcentral;migrationStage=NotStarted Some updates remain.}
{"logTime": "0518/174801", "correlationVector":"ReSmcLg7BQZV61lU3zBL+d","action":"Initial GetUpdates", "result":"", "context":Reason: NEWLY_SUPPORTED_DATATYPE. cV=ReSmcLg7BQZV61lU3zBL+d}
{"logTime": "0518/174801", "correlationVector":"ReSmcLg7BQZV61lU3zBL+d.1","action":"SyncServerConnectionManagerRequest", "result":"SYNC_SERVER_OK", "context":{"environment":"Prod_germanywestcentral_prod-s01-011-eur-germanywestcentral", "migrationStage":"NotStarted", "server":"akswtt10000003p"}}
{"logTime": "0518/174801", "correlationVector":"ReSmcLg7BQZV61lU3zBL+d.2","action":"ProcessGetUpdates", "result":"Done", "context":{"dataType":"History", "deleted":"0", "process_failed_to_decrypt":"0", "process_pending_decryption":"0", "process_success":"250", "total":"250"}}
{"logTime": "0518/174801", "correlationVector":"ReSmcLg7BQZV61lU3zBL+d.3","action":"GetUpdates Response", "result":"Success", "context":Received 250 update(s). cV=ReSmcLg7BQZV61lU3zBL+d.0;server=akswtt10000003p;cloudType=Consumer;environment=Prod_germanywestcentral_prod-s01-011-eur-germanywestcentral;migrationStage=NotStarted Some updates remain.}
{"logTime": "0518/174801", "correlationVector":"lQOxcmS5L6MtJ0kV+eXKtV","action":"Initial GetUpdates", "result":"", "context":Reason: NEWLY_SUPPORTED_DATATYPE. cV=lQOxcmS5L6MtJ0kV+eXKtV}
{"logTime": "0518/174801", "correlationVector":"lQOxcmS5L6MtJ0kV+eXKtV.1","action":"SyncServerConnectionManagerRequest", "result":"SYNC_SERVER_OK", "context":{"environment":"Prod_germanywestcentral_prod-s01-011-eur-germanywestcentral", "migrationStage":"NotStarted", "server":"akswtt10000003p"}}
{"logTime": "0518/174801", "correlationVector":"lQOxcmS5L6MtJ0kV+eXKtV.2","action":"ProcessGetUpdates", "result":"Done", "context":{"dataType":"History", "deleted":"0", "process_failed_to_decrypt":"0", "process_pending_decryption":"0", "process_success":"250", "total":"250"}}
{"logTime": "0518/174801", "correlationVector":"lQOxcmS5L6MtJ0kV+eXKtV.3","action":"GetUpdates Response", "result":"Success", "context":Received 250 update(s). cV=lQOxcmS5L6MtJ0kV+eXKtV.0;server=akswtt10000003p;cloudType=Consumer;environment=Prod_germanywestcentral_prod-s01-011-eur-germanywestcentral;migrationStage=NotStarted Some updates remain.}
{"logTime": "0518/174801", "correlationVector":"R3H99ZAO7f4QiHDn2pnYWK","action":"Initial GetUpdates", "result":"", "context":Reason: NEWLY_SUPPORTED_DATATYPE. cV=R3H99ZAO7f4QiHDn2pnYWK}
{"logTime": "0518/174802", "correlationVector":"R3H99ZAO7f4QiHDn2pnYWK.1","action":"SyncServerConnectionManagerRequest", "result":"SYNC_SERVER_OK", "context":{"environment":"Prod_germanywestcentral_prod-s01-011-eur-germanywestcentral", "migrationStage":"NotStarted", "server":"akswtt10000001t"}}
{"logTime": "0518/174802", "correlationVector":"R3H99ZAO7f4QiHDn2pnYWK.2","action":"ProcessGetUpdates", "result":"Done", "context":{"dataType":"History", "deleted":"0", "process_failed_to_decrypt":"0", "process_pending_decryption":"0", "process_success":"98", "total":"98"}}
{"logTime": "0518/174802", "correlationVector":"R3H99ZAO7f4QiHDn2pnYWK.3","action":"GetUpdates Response", "result":"Success", "context":Received 98 update(s). cV=R3H99ZAO7f4QiHDn2pnYWK.0;server=akswtt10000001t;cloudType=Consumer;environment=Prod_germanywestcentral_prod-s01-011-eur-germanywestcentral;migrationStage=NotStarted}
{"logTime": "0518/174802", "correlationVector":"aFd68BOJYguXdFqKhw2TKE","action":"Normal GetUpdate request", "result":"", "context":cV=aFd68BOJYguXdFqKhw2TKE
Nudged types: Preferences, Passwords, Sessions, Device Info, User Consents, History
Refresh requested types: Bookmarks, Preferences, Passwords, Autofill Profiles, Autofill, Extensions, Sessions, Extension settings, History Delete Directives, Device Info, User Consents, Send Tab To Self, Web Apps, History, Saved Tab Group, WebAuthn Credentials, Collection, Edge E Drop, Edge Hub App Usage, Edge Wallet, Edge Workspace, Encryption Keys}
{"logTime": "0518/174802", "correlationVector":"aFd68BOJYguXdFqKhw2TKE.1","action":"SyncServerConnectionManagerRequest", "result":"SYNC_SERVER_OK", "context":{"environment":"Prod_germanywestcentral_prod-s01-011-eur-germanywestcentral", "migrationStage":"NotStarted", "server":"akswtt10000009u"}}
{"logTime": "0518/174802", "correlationVector":"aFd68BOJYguXdFqKhw2TKE.2","action":"GetUpdates Response", "result":"Success", "context":Received 0 update(s). cV=aFd68BOJYguXdFqKhw2TKE.0;server=akswtt10000009u;cloudType=Consumer;environment=Prod_germanywestcentral_prod-s01-011-eur-germanywestcentral;migrationStage=NotStarted}
{"logTime": "0518/174802", "correlationVector":"yv9DV3FmX9AAWI5HsnqLWC","action":"Commit Request", "result":"", "context":Item count: 33
Contributing types: Preferences, Passwords, Sessions, Device Info, User Consents, History}
{"logTime": "0518/174803", "correlationVector":"yv9DV3FmX9AAWI5HsnqLWC.1","action":"SyncServerConnectionManagerRequest", "result":"SYNC_SERVER_OK", "context":{"environment":"Prod_germanywestcentral_prod-s01-011-eur-germanywestcentral", "migrationStage":"NotStarted", "server":"akswtt10000008r"}}
{"logTime": "0518/174803", "correlationVector":"yv9DV3FmX9AAWI5HsnqLWC.2","action":"Commit Response", "result":"Success", "context":Result: Success. cV=yv9DV3FmX9AAWI5HsnqLWC.0;server=akswtt10000008r;cloudType=Consumer;environment=Prod_germanywestcentral_prod-s01-011-eur-germanywestcentral;migrationStage=NotStarted}
{"logTime": "0518/174842", "correlationVector":"mKcSMuKCxZCKzMqq1KTBly","action":"Commit Request", "result":"", "context":Item count: 28
Contributing types: Passwords}
{"logTime": "0518/174842", "correlationVector":"mKcSMuKCxZCKzMqq1KTBly.1","action":"SyncServerConnectionManagerRequest", "result":"SYNC_SERVER_OK", "context":{"environment":"Prod_germanywestcentral_prod-s01-011-eur-germanywestcentral", "migrationStage":"NotStarted", "server":"akswtt10000008q"}}
{"logTime": "0518/174842", "correlationVector":"mKcSMuKCxZCKzMqq1KTBly.2","action":"Commit Response", "result":"Success", "context":Result: Success. cV=mKcSMuKCxZCKzMqq1KTBly.0;server=akswtt10000008q;cloudType=Consumer;environment=Prod_germanywestcentral_prod-s01-011-eur-germanywestcentral;migrationStage=NotStarted}
{"logTime": "0518/180026", "correlationVector":"4W3SkWgjZYDdw0jxbhKJoS","action":"Commit Request", "result":"", "context":Item count: 1
Contributing types: Sessions}
{"logTime": "0518/180027", "correlationVector":"4W3SkWgjZYDdw0jxbhKJoS.1","action":"SyncServerConnectionManagerRequest", "result":"SYNC_SERVER_OK", "context":{"environment":"Prod_germanywestcentral_prod-s01-010-eur-germanywestcentral", "migrationStage":"NotStarted", "server":"akswtt00100004o"}}
{"logTime": "0518/180027", "correlationVector":"4W3SkWgjZYDdw0jxbhKJoS.2","action":"Commit Response", "result":"Success", "context":Result: Success. cV=4W3SkWgjZYDdw0jxbhKJoS.0;server=akswtt00100004o;cloudType=Consumer;environment=Prod_germanywestcentral_prod-s01-010-eur-germanywestcentral;migrationStage=NotStarted}
{"logTime": "0518/180146", "correlationVector":"vLAdqS1hWJ+ukPPTp64O1S","action":"Commit Request", "result":"", "context":Item count: 3
Contributing types: Sessions, History}
{"logTime": "0518/180146", "correlationVector":"vLAdqS1hWJ+ukPPTp64O1S.1","action":"SyncServerConnectionManagerRequest", "result":"SYNC_SERVER_OK", "context":{"environment":"Prod_germanywestcentral_prod-s01-010-eur-germanywestcentral", "migrationStage":"NotStarted", "server":"akswtt00100001q"}}
{"logTime": "0518/180146", "correlationVector":"vLAdqS1hWJ+ukPPTp64O1S.2","action":"Commit Response", "result":"Success", "context":Result: Success. cV=vLAdqS1hWJ+ukPPTp64O1S.0;server=akswtt00100001q;cloudType=Consumer;environment=Prod_germanywestcentral_prod-s01-010-eur-germanywestcentral;migrationStage=NotStarted}
{"logTime": "0518/180757", "correlationVector":"d6yMlTB/q0Mfw9nSmjArpY","action":"Commit Request", "result":"", "context":Item count: 4
Contributing types: Sessions, History}
{"logTime": "0518/180758", "correlationVector":"d6yMlTB/q0Mfw9nSmjArpY.1","action":"SyncServerConnectionManagerRequest", "result":"SYNC_SERVER_OK", "context":{"environment":"Prod_germanywestcentral_prod-s01-010-eur-germanywestcentral", "migrationStage":"NotStarted", "server":"akswtt00100004o"}}
{"logTime": "0518/180758", "correlationVector":"d6yMlTB/q0Mfw9nSmjArpY.2","action":"Commit Response", "result":"Success", "context":Result: Success. cV=d6yMlTB/q0Mfw9nSmjArpY.0;server=akswtt00100004o;cloudType=Consumer;environment=Prod_germanywestcentral_prod-s01-010-eur-germanywestcentral;migrationStage=NotStarted}
{"logTime": "0518/181042", "correlationVector":"eTN1NK1iHX77C424qCqKMP","action":"Normal GetUpdate request", "result":"", "context":cV=eTN1NK1iHX77C424qCqKMP
Notified types: History}
{"logTime": "0518/181042", "correlationVector":"eTN1NK1iHX77C424qCqKMP.1","action":"SyncServerConnectionManagerRequest", "result":"SYNC_SERVER_OK", "context":{"environment":"Prod_germanywestcentral_prod-s01-010-eur-germanywestcentral", "migrationStage":"NotStarted", "server":"akswtt00100004o"}}
{"logTime": "0518/181042", "correlationVector":"eTN1NK1iHX77C424qCqKMP.2","action":"ProcessGetUpdates", "result":"Done", "context":{"dataType":"Preferences", "deleted":"0", "process_failed_to_decrypt":"0", "process_pending_decryption":"0", "process_success":"1", "total":"1"}}
{"logTime": "0518/181042", "correlationVector":"eTN1NK1iHX77C424qCqKMP.3","action":"ProcessGetUpdates", "result":"Done", "context":{"dataType":"Passwords", "deleted":"0", "process_failed_to_decrypt":"0", "process_pending_decryption":"0", "process_success":"28", "total":"28"}}
{"logTime": "0518/181042", "correlationVector":"eTN1NK1iHX77C424qCqKMP.4","action":"ProcessGetUpdates", "result":"Done", "context":{"dataType":"Sessions", "deleted":"0", "process_failed_to_decrypt":"0", "process_pending_decryption":"0", "process_success":"4", "total":"4"}}
{"logTime": "0518/181042", "correlationVector":"eTN1NK1iHX77C424qCqKMP.5","action":"ProcessGetUpdates", "result":"Done", "context":{"dataType":"Device Info", "deleted":"0", "process_failed_to_decrypt":"0", "process_pending_decryption":"0", "process_success":"1", "total":"1"}}
{"logTime": "0518/181042", "correlationVector":"eTN1NK1iHX77C424qCqKMP.6","action":"ProcessGetUpdates", "result":"Done", "context":{"dataType":"History", "deleted":"0", "process_failed_to_decrypt":"0", "process_pending_decryption":"0", "process_success":"5", "total":"5"}}
{"logTime": "0518/181042", "correlationVector":"eTN1NK1iHX77C424qCqKMP.7","action":"GetUpdates Response", "result":"Success", "context":Received 39 update(s). cV=eTN1NK1iHX77C424qCqKMP.0;server=akswtt00100004o;cloudType=Consumer;environment=Prod_germanywestcentral_prod-s01-010-eur-germanywestcentral;migrationStage=NotStarted}
{"logTime": "0518/181042", "correlationVector":"mxJC6S0nwSLD4ZYvOYFYD3","action":"DoCompareDataConsistency requsted types: ", "result":"Bookmarks, Preferences, Passwords, Extensions, Extension settings, History Delete Directives, Send Tab To Self, Web Apps, History, Saved Tab Group, WebAuthn Credentials, Collection, Edge E Drop, Edge Wallet, Edge Workspace, Encryption Keys"}
{"logTime": "0518/181042", "correlationVector":"mxJC6S0nwSLD4ZYvOYFYD3.0","action":"CompareDataConsistency result: ", "result":"Compare result: Encryption Keys is consistent. local entities count is: 1 local entities hash is: wMnFO/n4DHCDPPuqoDSRN3jG9LE="}
{"logTime": "0518/181042", "correlationVector":"mxJC6S0nwSLD4ZYvOYFYD3.1","action":"CompareDataConsistency result: ", "result":"Compare result: Bookmarks is consistent. local entities count is: 1 local entities hash is: l8nDVHd6ZIP4O4F4WoPYx+pGL6g="}
{"logTime": "0518/181042", "correlationVector":"mxJC6S0nwSLD4ZYvOYFYD3.2","action":"CompareDataConsistency result: ", "result":"Compare result: Preferences is consistent. local entities count is: 91 local entities hash is: VmL+HfvQvu6XzVMVLsiz2rGu6ig="}
{"logTime": "0518/181042", "correlationVector":"mxJC6S0nwSLD4ZYvOYFYD3.3","action":"CompareDataConsistency result: ", "result":"Compare result: Extensions is consistent. local entities count is: 0 local entities hash is: "}
{"logTime": "0518/181042", "correlationVector":"mxJC6S0nwSLD4ZYvOYFYD3.4","action":"CompareDataConsistency result: ", "result":"Compare result: Extension settings is consistent. local entities count is: 0 local entities hash is: "}
{"logTime": "0518/181042", "correlationVector":"mxJC6S0nwSLD4ZYvOYFYD3.5","action":"CompareDataConsistency result: ", "result":"Compare result: History Delete Directives is inconsistent. server entities count is: 1 server entities hash is: 88j2SKV7K6P6KXQXNx0KsCOG2ko= local entities count is: 0 local entities hash is: "}
{"logTime": "0518/181042", "correlationVector":"mxJC6S0nwSLD4ZYvOYFYD3.6","action":"CompareDataConsistency result: ", "result":"Server did not send this Send Tab To Self local entities count is: 0 local entities hash is: "}
{"logTime": "0518/181042", "correlationVector":"mxJC6S0nwSLD4ZYvOYFYD3.7","action":"CompareDataConsistency result: ", "result":"Compare result: Web Apps is consistent. local entities count is: 0 local entities hash is: "}
{"logTime": "0518/181042", "correlationVector":"mxJC6S0nwSLD4ZYvOYFYD3.8","action":"CompareDataConsistency result: ", "result":"Server did not send this History local entities count is: 0 local entities hash is: "}
{"logTime": "0518/181042", "correlationVector":"mxJC6S0nwSLD4ZYvOYFYD3.9","action":"CompareDataConsistency result: ", "result":"Compare result: Saved Tab Group is consistent. local entities count is: 5 local entities hash is: j7WjKHeeilCe+IvZ2ksEEm1zdrM="}
{"logTime": "0518/181042", "correlationVector":"mxJC6S0nwSLD4ZYvOYFYD3.10","action":"CompareDataConsistency result: ", "result":"Server did not send this WebAuthn Credentials local entities count is: 1 local entities hash is: Luo2uAvazhEQcQFren5Cm3PRSBs="}
{"logTime": "0518/181042", "correlationVector":"mxJC6S0nwSLD4ZYvOYFYD3.11","action":"CompareDataConsistency result: ", "result":"Compare result: Collection is consistent. local entities count is: 0 local entities hash is: "}
{"logTime": "0518/181042", "correlationVector":"mxJC6S0nwSLD4ZYvOYFYD3.12","action":"CompareDataConsistency result: ", "result":"Compare result: Edge E Drop is consistent. local entities count is: 0 local entities hash is: "}
{"logTime": "0518/181042", "correlationVector":"mxJC6S0nwSLD4ZYvOYFYD3.13","action":"CompareDataConsistency result: ", "result":"Compare result: Edge Wallet is consistent. local entities count is: 0 local entities hash is: "}
{"logTime": "0518/181042", "correlationVector":"mxJC6S0nwSLD4ZYvOYFYD3.14","action":"CompareDataConsistency result: ", "result":"Server did not send this Edge Workspace local entities count is: 0 local entities hash is: "}
{"logTime": "0518/181042", "correlationVector":"mxJC6S0nwSLD4ZYvOYFYD3.15","action":"CompareDataConsistency result: ", "result":"Compare result: Passwords is consistent. local entities count is: 29 local entities hash is: 7Z4tFSYRak4fTKSxGnCAmLkcsns="}
{"logTime": "0518/181042", "correlationVector":"","action":"DIAGNOSTIC_REQUEST|v1/diagnosticData/Diagnostic.SendCheckResult()|SUCCESS", "result":""}
{"logTime": "0518/181329", "correlationVector":"qxUspRubd3PfBZqYzbTHbw","action":"Normal GetUpdate request", "result":"", "context":cV=qxUspRubd3PfBZqYzbTHbw
Notified types: History}
{"logTime": "0518/181329", "correlationVector":"qxUspRubd3PfBZqYzbTHbw.1","action":"SyncServerConnectionManagerRequest", "result":"SYNC_SERVER_OK", "context":{"environment":"Prod_germanywestcentral_prod-s01-010-eur-germanywestcentral", "migrationStage":"NotStarted", "server":"akswtt00100000g"}}
{"logTime": "0518/181329", "correlationVector":"qxUspRubd3PfBZqYzbTHbw.2","action":"ProcessGetUpdates", "result":"Done", "context":{"dataType":"Sessions", "deleted":"0", "process_failed_to_decrypt":"0", "process_pending_decryption":"0", "process_success":"2", "total":"2"}}
{"logTime": "0518/181329", "correlationVector":"qxUspRubd3PfBZqYzbTHbw.3","action":"ProcessGetUpdates", "result":"Done", "context":{"dataType":"History", "deleted":"0", "process_failed_to_decrypt":"0", "process_pending_decryption":"0", "process_success":"1", "total":"1"}}
{"logTime": "0518/181329", "correlationVector":"qxUspRubd3PfBZqYzbTHbw.4","action":"GetUpdates Response", "result":"Success", "context":Received 3 update(s). cV=qxUspRubd3PfBZqYzbTHbw.0;server=akswtt00100000g;cloudType=Consumer;environment=Prod_germanywestcentral_prod-s01-010-eur-germanywestcentral;migrationStage=NotStarted}
{"logTime": "0518/181429", "correlationVector":"x8FHPSwM5SVeQ3563Prll8","action":"Normal GetUpdate request", "result":"", "context":cV=x8FHPSwM5SVeQ3563Prll8
Nudged types: Sessions, History
Notified types: History}
{"logTime": "0518/181429", "correlationVector":"x8FHPSwM5SVeQ3563Prll8.1","action":"SyncServerConnectionManagerRequest", "result":"SYNC_SERVER_OK", "context":{"environment":"Prod_germanywestcentral_prod-s01-010-eur-germanywestcentral", "migrationStage":"NotStarted", "server":"akswtt00100000g"}}
{"logTime": "0518/181429", "correlationVector":"x8FHPSwM5SVeQ3563Prll8.2","action":"ProcessGetUpdates", "result":"Done", "context":{"dataType":"Sessions", "deleted":"0", "process_failed_to_decrypt":"0", "process_pending_decryption":"0", "process_success":"2", "total":"2"}}
{"logTime": "0518/181429", "correlationVector":"x8FHPSwM5SVeQ3563Prll8.3","action":"ProcessGetUpdates", "result":"Done", "context":{"dataType":"History", "deleted":"0", "process_failed_to_decrypt":"0", "process_pending_decryption":"0", "process_success":"1", "total":"1"}}
{"logTime": "0518/181430", "correlationVector":"x8FHPSwM5SVeQ3563Prll8.4","action":"GetUpdates Response", "result":"Success", "context":Received 3 update(s). cV=x8FHPSwM5SVeQ3563Prll8.0;server=akswtt00100000g;cloudType=Consumer;environment=Prod_germanywestcentral_prod-s01-010-eur-germanywestcentral;migrationStage=NotStarted}
{"logTime": "0518/181430", "correlationVector":"WVouoS+waWRKzpmwhQ77VW","action":"Commit Request", "result":"", "context":Item count: 4
Contributing types: Sessions, History}
{"logTime": "0518/181430", "correlationVector":"WVouoS+waWRKzpmwhQ77VW.1","action":"SyncServerConnectionManagerRequest", "result":"SYNC_SERVER_OK", "context":{"environment":"Prod_germanywestcentral_prod-s01-010-eur-germanywestcentral", "migrationStage":"NotStarted", "server":"akswtt001000041"}}
{"logTime": "0518/181430", "correlationVector":"WVouoS+waWRKzpmwhQ77VW.2","action":"Commit Response", "result":"Success", "context":Result: Success. cV=WVouoS+waWRKzpmwhQ77VW.0;server=akswtt001000041;cloudType=Consumer;environment=Prod_germanywestcentral_prod-s01-010-eur-germanywestcentral;migrationStage=NotStarted}
{"logTime": "0518/181530", "correlationVector":"1z6/uFFckTUThD1gCtDXdd","action":"Commit Request", "result":"", "context":Item count: 2
Contributing types: Sessions, History}
{"logTime": "0518/181530", "correlationVector":"1z6/uFFckTUThD1gCtDXdd.1","action":"SyncServerConnectionManagerRequest", "result":"SYNC_SERVER_OK", "context":{"environment":"Prod_germanywestcentral_prod-s01-010-eur-germanywestcentral", "migrationStage":"NotStarted", "server":"akswtt00100003z"}}
{"logTime": "0518/181530", "correlationVector":"1z6/uFFckTUThD1gCtDXdd.2","action":"Commit Response", "result":"Success", "context":Result: Success. cV=1z6/uFFckTUThD1gCtDXdd.0;server=akswtt00100003z;cloudType=Consumer;environment=Prod_germanywestcentral_prod-s01-010-eur-germanywestcentral;migrationStage=NotStarted}
{"logTime": "0518/181531", "correlationVector":"bnUQCGzmmZzkMsKrw8dZSi","action":"Normal GetUpdate request", "result":"", "context":cV=bnUQCGzmmZzkMsKrw8dZSi
Notified types: History}
{"logTime": "0518/181531", "correlationVector":"bnUQCGzmmZzkMsKrw8dZSi.1","action":"SyncServerConnectionManagerRequest", "result":"SYNC_SERVER_OK", "context":{"environment":"Prod_germanywestcentral_prod-s01-010-eur-germanywestcentral", "migrationStage":"NotStarted", "server":"akswtt001000007"}}
{"logTime": "0518/181531", "correlationVector":"bnUQCGzmmZzkMsKrw8dZSi.2","action":"ProcessGetUpdates", "result":"Done", "context":{"dataType":"Sessions", "deleted":"0", "process_failed_to_decrypt":"0", "process_pending_decryption":"0", "process_success":"2", "total":"2"}}
{"logTime": "0518/181531", "correlationVector":"bnUQCGzmmZzkMsKrw8dZSi.3","action":"ProcessGetUpdates", "result":"Done", "context":{"dataType":"History", "deleted":"0", "process_failed_to_decrypt":"0", "process_pending_decryption":"0", "process_success":"4", "total":"4"}}
{"logTime": "0518/181531", "correlationVector":"bnUQCGzmmZzkMsKrw8dZSi.4","action":"GetUpdates Response", "result":"Success", "context":Received 6 update(s). cV=bnUQCGzmmZzkMsKrw8dZSi.0;server=akswtt001000007;cloudType=Consumer;environment=Prod_germanywestcentral_prod-s01-010-eur-germanywestcentral;migrationStage=NotStarted}
{"logTime": "0518/185852", "correlationVector":"GS7HAT3fcGOGhXvyUc+vQ0","action":"Commit Request", "result":"", "context":Item count: 1
Contributing types: Sessions}
{"logTime": "0518/185852", "correlationVector":"GS7HAT3fcGOGhXvyUc+vQ0.1","action":"SyncServerConnectionManagerRequest", "result":"SYNC_SERVER_OK", "context":{"environment":"Prod_germanywestcentral_prod-s01-010-eur-germanywestcentral", "migrationStage":"NotStarted", "server":"akswtt001000007"}}
{"logTime": "0518/185852", "correlationVector":"GS7HAT3fcGOGhXvyUc+vQ0.2","action":"Commit Response", "result":"Success", "context":Result: Success. cV=GS7HAT3fcGOGhXvyUc+vQ0.0;server=akswtt001000007;cloudType=Consumer;environment=Prod_germanywestcentral_prod-s01-010-eur-germanywestcentral;migrationStage=NotStarted}
{"logTime": "0518/190104", "correlationVector":"jMhgwttxk9zMvvWRg/iL0I","action":"Normal GetUpdate request", "result":"", "context":cV=jMhgwttxk9zMvvWRg/iL0I
Notified types: History}
{"logTime": "0518/190104", "correlationVector":"jMhgwttxk9zMvvWRg/iL0I.1","action":"SyncServerConnectionManagerRequest", "result":"SYNC_SERVER_OK", "context":{"environment":"Prod_germanywestcentral_prod-s01-010-eur-germanywestcentral", "migrationStage":"NotStarted", "server":"akswtt001000000"}}
{"logTime": "0518/190104", "correlationVector":"jMhgwttxk9zMvvWRg/iL0I.2","action":"ProcessGetUpdates", "result":"Done", "context":{"dataType":"Sessions", "deleted":"0", "process_failed_to_decrypt":"0", "process_pending_decryption":"0", "process_success":"8", "total":"8"}}
{"logTime": "0518/190104", "correlationVector":"jMhgwttxk9zMvvWRg/iL0I.3","action":"ProcessGetUpdates", "result":"Done", "context":{"dataType":"History", "deleted":"0", "process_failed_to_decrypt":"0", "process_pending_decryption":"0", "process_success":"6", "total":"6"}}
{"logTime": "0518/190104", "correlationVector":"jMhgwttxk9zMvvWRg/iL0I.4","action":"GetUpdates Response", "result":"Success", "context":Received 14 update(s). cV=jMhgwttxk9zMvvWRg/iL0I.0;server=akswtt001000000;cloudType=Consumer;environment=Prod_germanywestcentral_prod-s01-010-eur-germanywestcentral;migrationStage=NotStarted}
{"logTime": "0518/190453", "correlationVector":"t8PF+YnpZJ/FdwcJJjXkht","action":"Normal GetUpdate request", "result":"", "context":cV=t8PF+YnpZJ/FdwcJJjXkht
Notified types: Preferences}
{"logTime": "0518/190454", "correlationVector":"t8PF+YnpZJ/FdwcJJjXkht.1","action":"SyncServerConnectionManagerRequest", "result":"SYNC_SERVER_OK", "context":{"environment":"Prod_germanywestcentral_prod-s01-010-eur-germanywestcentral", "migrationStage":"NotStarted", "server":"akswtt00100000e"}}
{"logTime": "0518/190454", "correlationVector":"t8PF+YnpZJ/FdwcJJjXkht.2","action":"ProcessGetUpdates", "result":"Done", "context":{"dataType":"Preferences", "deleted":"0", "process_failed_to_decrypt":"0", "process_pending_decryption":"0", "process_success":"1", "total":"1"}}
{"logTime": "0518/190454", "correlationVector":"t8PF+YnpZJ/FdwcJJjXkht.3","action":"ProcessGetUpdates", "result":"Done", "context":{"dataType":"Sessions", "deleted":"0", "process_failed_to_decrypt":"0", "process_pending_decryption":"0", "process_success":"1", "total":"1"}}
{"logTime": "0518/190454", "correlationVector":"t8PF+YnpZJ/FdwcJJjXkht.4","action":"GetUpdates Response", "result":"Success", "context":Received 2 update(s). cV=t8PF+YnpZJ/FdwcJJjXkht.0;server=akswtt00100000e;cloudType=Consumer;environment=Prod_germanywestcentral_prod-s01-010-eur-germanywestcentral;migrationStage=NotStarted}
{"logTime": "0518/190601", "correlationVector":"Xjs+3lTQ1Kf2aXEkiKOJav","action":"Normal GetUpdate request", "result":"", "context":cV=Xjs+3lTQ1Kf2aXEkiKOJav
Notified types: History}
{"logTime": "0518/190601", "correlationVector":"Xjs+3lTQ1Kf2aXEkiKOJav.1","action":"SyncServerConnectionManagerRequest", "result":"SYNC_SERVER_OK", "context":{"environment":"Prod_germanywestcentral_prod-s01-010-eur-germanywestcentral", "migrationStage":"NotStarted", "server":"akswtt00100004l"}}
{"logTime": "0518/190601", "correlationVector":"Xjs+3lTQ1Kf2aXEkiKOJav.2","action":"ProcessGetUpdates", "result":"Done", "context":{"dataType":"Sessions", "deleted":"0", "process_failed_to_decrypt":"0", "process_pending_decryption":"0", "process_success":"2", "total":"2"}}
{"logTime": "0518/190601", "correlationVector":"Xjs+3lTQ1Kf2aXEkiKOJav.3","action":"ProcessGetUpdates", "result":"Done", "context":{"dataType":"History", "deleted":"0", "process_failed_to_decrypt":"0", "process_pending_decryption":"0", "process_success":"2", "total":"2"}}
{"logTime": "0518/190601", "correlationVector":"Xjs+3lTQ1Kf2aXEkiKOJav.4","action":"GetUpdates Response", "result":"Success", "context":Received 4 update(s). cV=Xjs+3lTQ1Kf2aXEkiKOJav.0;server=akswtt00100004l;cloudType=Consumer;environment=Prod_germanywestcentral_prod-s01-010-eur-germanywestcentral;migrationStage=NotStarted}
{"logTime": "0518/190805", "correlationVector":"wzdG7jBDB0Lhu6jUce/xHA","action":"Normal GetUpdate request", "result":"", "context":cV=wzdG7jBDB0Lhu6jUce/xHA
Notified types: History}
{"logTime": "0518/190805", "correlationVector":"wzdG7jBDB0Lhu6jUce/xHA.1","action":"SyncServerConnectionManagerRequest", "result":"SYNC_SERVER_OK", "context":{"environment":"Prod_germanywestcentral_prod-s01-010-eur-germanywestcentral", "migrationStage":"NotStarted", "server":"akswtt00100004j"}}
{"logTime": "0518/190805", "correlationVector":"wzdG7jBDB0Lhu6jUce/xHA.2","action":"ProcessGetUpdates", "result":"Done", "context":{"dataType":"Sessions", "deleted":"0", "process_failed_to_decrypt":"0", "process_pending_decryption":"0", "process_success":"5", "total":"5"}}
{"logTime": "0518/190805", "correlationVector":"wzdG7jBDB0Lhu6jUce/xHA.3","action":"ProcessGetUpdates", "result":"Done", "context":{"dataType":"History", "deleted":"0", "process_failed_to_decrypt":"0", "process_pending_decryption":"0", "process_success":"9", "total":"9"}}
{"logTime": "0518/190805", "correlationVector":"wzdG7jBDB0Lhu6jUce/xHA.4","action":"GetUpdates Response", "result":"Success", "context":Received 14 update(s). cV=wzdG7jBDB0Lhu6jUce/xHA.0;server=akswtt00100004j;cloudType=Consumer;environment=Prod_germanywestcentral_prod-s01-010-eur-germanywestcentral;migrationStage=NotStarted}
{"logTime": "0518/191018", "correlationVector":"w+Q/TQQSTz5mlBKf0Q2sen","action":"Commit Request", "result":"", "context":Item count: 1
Contributing types: Sessions}
{"logTime": "0518/191018", "correlationVector":"w+Q/TQQSTz5mlBKf0Q2sen.1","action":"SyncServerConnectionManagerRequest", "result":"SYNC_SERVER_OK", "context":{"environment":"Prod_germanywestcentral_prod-s01-011-eur-germanywestcentral", "migrationStage":"NotStarted", "server":"akswtt100000056"}}
{"logTime": "0518/191018", "correlationVector":"w+Q/TQQSTz5mlBKf0Q2sen.2","action":"Commit Response", "result":"Success", "context":Result: Success. cV=w+Q/TQQSTz5mlBKf0Q2sen.0;server=akswtt100000056;cloudType=Consumer;environment=Prod_germanywestcentral_prod-s01-011-eur-germanywestcentral;migrationStage=NotStarted}
{"logTime": "0518/191027", "correlationVector":"grPGlJLRBJWQwwtz4RyMU9","action":"Normal GetUpdate request", "result":"", "context":cV=grPGlJLRBJWQwwtz4RyMU9
Notified types: History}
{"logTime": "0518/191028", "correlationVector":"grPGlJLRBJWQwwtz4RyMU9.1","action":"SyncServerConnectionManagerRequest", "result":"SYNC_SERVER_OK", "context":{"environment":"Prod_germanywestcentral_prod-s01-011-eur-germanywestcentral", "migrationStage":"NotStarted", "server":"akswtt10000001w"}}
{"logTime": "0518/191028", "correlationVector":"grPGlJLRBJWQwwtz4RyMU9.2","action":"ProcessGetUpdates", "result":"Done", "context":{"dataType":"Sessions", "deleted":"1", "process_failed_to_decrypt":"0", "process_pending_decryption":"0", "process_success":"12", "total":"12"}}
{"logTime": "0518/191028", "correlationVector":"grPGlJLRBJWQwwtz4RyMU9.3","action":"ProcessGetUpdates", "result":"Done", "context":{"dataType":"History", "deleted":"0", "process_failed_to_decrypt":"0", "process_pending_decryption":"0", "process_success":"8", "total":"8"}}
{"logTime": "0518/191028", "correlationVector":"grPGlJLRBJWQwwtz4RyMU9.4","action":"GetUpdates Response", "result":"Success", "context":Received 20 update(s). cV=grPGlJLRBJWQwwtz4RyMU9.0;server=akswtt10000001w;cloudType=Consumer;environment=Prod_germanywestcentral_prod-s01-011-eur-germanywestcentral;migrationStage=NotStarted}
{"logTime": "0518/191257", "correlationVector":"YbMUHuNMDSc4D05HxO2wx0","action":"Normal GetUpdate request", "result":"", "context":cV=YbMUHuNMDSc4D05HxO2wx0
Notified types: Device Info, History}
{"logTime": "0518/191258", "correlationVector":"YbMUHuNMDSc4D05HxO2wx0.1","action":"SyncServerConnectionManagerRequest", "result":"SYNC_SERVER_OK", "context":{"environment":"Prod_germanywestcentral_prod-s01-010-eur-germanywestcentral", "migrationStage":"NotStarted", "server":"akswtt001000004"}}
{"logTime": "0518/191258", "correlationVector":"YbMUHuNMDSc4D05HxO2wx0.2","action":"ProcessGetUpdates", "result":"Done", "context":{"dataType":"Sessions", "deleted":"1", "process_failed_to_decrypt":"0", "process_pending_decryption":"0", "process_success":"9", "total":"9"}}
{"logTime": "0518/191258", "correlationVector":"YbMUHuNMDSc4D05HxO2wx0.3","action":"ProcessGetUpdates", "result":"Done", "context":{"dataType":"Device Info", "deleted":"0", "process_failed_to_decrypt":"0", "process_pending_decryption":"0", "process_success":"1", "total":"1"}}
{"logTime": "0518/191258", "correlationVector":"YbMUHuNMDSc4D05HxO2wx0.4","action":"ProcessGetUpdates", "result":"Done", "context":{"dataType":"History", "deleted":"0", "process_failed_to_decrypt":"0", "process_pending_decryption":"0", "process_success":"7", "total":"7"}}
{"logTime": "0518/191258", "correlationVector":"YbMUHuNMDSc4D05HxO2wx0.5","action":"GetUpdates Response", "result":"Success", "context":Received 17 update(s). cV=YbMUHuNMDSc4D05HxO2wx0.0;server=akswtt001000004;cloudType=Consumer;environment=Prod_germanywestcentral_prod-s01-010-eur-germanywestcentral;migrationStage=NotStarted}
{"logTime": "0518/191300", "correlationVector":"8YsxYIQVDjDOl67RP8JiqZ","action":"Normal GetUpdate request", "result":"", "context":cV=8YsxYIQVDjDOl67RP8JiqZ
Notified types: Preferences}
{"logTime": "0518/191301", "correlationVector":"8YsxYIQVDjDOl67RP8JiqZ.1","action":"SyncServerConnectionManagerRequest", "result":"SYNC_SERVER_OK", "context":{"environment":"Prod_germanywestcentral_prod-s01-010-eur-germanywestcentral", "migrationStage":"NotStarted", "server":"akswtt001000004"}}
{"logTime": "0518/191301", "correlationVector":"8YsxYIQVDjDOl67RP8JiqZ.2","action":"ProcessGetUpdates", "result":"Done", "context":{"dataType":"Preferences", "deleted":"0", "process_failed_to_decrypt":"0", "process_pending_decryption":"0", "process_success":"1", "total":"1"}}
{"logTime": "0518/191301", "correlationVector":"8YsxYIQVDjDOl67RP8JiqZ.3","action":"GetUpdates Response", "result":"Success", "context":Received 1 update(s). cV=8YsxYIQVDjDOl67RP8JiqZ.0;server=akswtt001000004;cloudType=Consumer;environment=Prod_germanywestcentral_prod-s01-010-eur-germanywestcentral;migrationStage=NotStarted}
{"logTime": "0518/191908", "correlationVector":"NQyopwfSJa3PNkrXMN82o6","action":"Commit Request", "result":"", "context":Item count: 5
Contributing types: Sessions, History}
{"logTime": "0518/191908", "correlationVector":"NQyopwfSJa3PNkrXMN82o6.1","action":"SyncServerConnectionManagerRequest", "result":"SYNC_SERVER_OK", "context":{"environment":"Prod_germanywestcentral_prod-s01-010-eur-germanywestcentral", "migrationStage":"NotStarted", "server":"akswtt001000004"}}
{"logTime": "0518/191908", "correlationVector":"NQyopwfSJa3PNkrXMN82o6.2","action":"Commit Response", "result":"Success", "context":Result: Success. cV=NQyopwfSJa3PNkrXMN82o6.0;server=akswtt001000004;cloudType=Consumer;environment=Prod_germanywestcentral_prod-s01-010-eur-germanywestcentral;migrationStage=NotStarted}
